#
# A fatal error has been detected by the Java Runtime Environment:
#
#  EXCEPTION_ACCESS_VIOLATION (0xc0000005) at pc=0x044efd81, pid=2232, tid=5296
#
# JRE version: 6.0_16-b01
# Java VM: Java HotSpot(TM) Client VM (14.2-b01 mixed mode, sharing windows-x86 )
# Problematic frame:
# C  0x044efd81
#
# If you would like to submit a bug report, please visit:
#   http://java.sun.com/webapps/bugreport/crash.jsp
# The crash happened outside the Java Virtual Machine in native code.
# See problematic frame for where to report the bug.
#

---------------  T H R E A D  ---------------

Current thread (0x02e29c00):  JavaThread "LWJGL Application" [_thread_in_native, id=5296, stack(0x035e0000,0x03630000)]

siginfo: ExceptionCode=0xc0000005, reading address 0x04a35630

Registers:
EAX=0x0516b5f0, EBX=0x03870000, ECX=0x00000178, EDX=0x02fdb0da
ESP=0x0362f7c8, EBP=0x02fdb0e4, ESI=0x04a35630, EDI=0x00000758
EIP=0x044efd81, EFLAGS=0x00010202

Top of Stack: (sp=0x0362f7c8)
0x0362f7c8:   00000006 03870000 00000005 02fdb0d8
0x0362f7d8:   697cde2f 03870000 0516b5ec 02fdb0d8
0x0362f7e8:   02fdb0e4 00000004 02fdb0d8 02fdb0d8
0x0362f7f8:   00000000 00000066 044efd40 697ce0c7
0x0362f808:   00000004 02fdb0d8 00000000 00000002
0x0362f818:   00000006 03870000 00000000 02fdb0d8
0x0362f828:   697d1004 00000006 02fdb0d8 00001403
0x0362f838:   03870000 00000006 02fdb0d8 03870000 

Instructions: (pc=0x044efd81)
0x044efd71:   02 8b 35 50 bc 87 03 8b 76 04 8d 3c 89 8d 34 be
0x044efd81:   8b 3e 8b 6e 04 89 38 89 68 04 8b 35 50 bc 87 03 


Stack: [0x035e0000,0x03630000],  sp=0x0362f7c8,  free space=317k
Native frames: (J=compiled Java code, j=interpreted, Vv=VM code, C=native code)
C  0x044efd81

Java frames: (J=compiled Java code, j=interpreted, Vv=VM code)
J  org.lwjgl.opengl.GL11.nglDrawElements(IIIJJ)V
J  org.lwjgl.opengl.GL11.glDrawElements(ILjava/nio/ShortBuffer;)V
J  com.badlogic.gdx.backends.lwjgl.LwjglGL10.glDrawElements(IIILjava/nio/Buffer;)V
J  com.badlogic.gdx.graphics.Mesh.render(III)V
J  com.badlogic.gdx.graphics.g2d.SpriteBatch.renderMesh()V
J  com.badlogic.gdx.scenes.scene2d.Group.drawChildren(Lcom/badlogic/gdx/graphics/g2d/SpriteBatch;F)V
J  com.badlogic.gdx.scenes.scene2d.Group.draw(Lcom/badlogic/gdx/graphics/g2d/SpriteBatch;F)V
j  com.badlogic.gdx.scenes.scene2d.Stage.draw()V+48
j  com.joey.OpenTyroin.screens.AbstractScreen.render(F)V+35
j  com.badlogic.gdx.Game.render()V+19
j  com.joey.OpenTyroin.Tyrian.render()V+1
j  com.badlogic.gdx.backends.lwjgl.LwjglApplication.mainLoop()V+469
j  com.badlogic.gdx.backends.lwjgl.LwjglApplication$1.run()V+27
v  ~StubRoutines::call_stub

---------------  P R O C E S S  ---------------

Java Threads: ( => current thread )
  0x003b7000 JavaThread "DestroyJavaVM" [_thread_blocked, id=5432, stack(0x008c0000,0x00910000)]
=>0x02e29c00 JavaThread "LWJGL Application" [_thread_in_native, id=5296, stack(0x035e0000,0x03630000)]
  0x02ab9c00 JavaThread "Low Memory Detector" daemon [_thread_blocked, id=7284, stack(0x02d30000,0x02d80000)]
  0x02ab3800 JavaThread "CompilerThread0" daemon [_thread_blocked, id=3216, stack(0x02ce0000,0x02d30000)]
  0x02ab1c00 JavaThread "Attach Listener" daemon [_thread_blocked, id=1488, stack(0x02c90000,0x02ce0000)]
  0x02ab0800 JavaThread "Signal Dispatcher" daemon [_thread_blocked, id=760, stack(0x02c40000,0x02c90000)]
  0x02a72000 JavaThread "Finalizer" daemon [_thread_blocked, id=5240, stack(0x02bf0000,0x02c40000)]
  0x02a6d400 JavaThread "Reference Handler" daemon [_thread_blocked, id=5404, stack(0x02ba0000,0x02bf0000)]

Other Threads:
  0x02a6bc00 VMThread [stack: 0x02b50000,0x02ba0000] [id=7140]
  0x02abb400 WatcherThread [stack: 0x02d80000,0x02dd0000] [id=6236]

VM state:not at safepoint (normal execution)

VM Mutex/Monitor currently owned by a thread: None

Heap
 def new generation   total 960K, used 323K [0x22990000, 0x22a90000, 0x22e70000)
  eden space 896K,  36% used [0x22990000, 0x229e0eb8, 0x22a70000)
  from space 64K,   0% used [0x22a80000, 0x22a80068, 0x22a90000)
  to   space 64K,   0% used [0x22a70000, 0x22a70000, 0x22a80000)
 tenured generation   total 4096K, used 2777K [0x22e70000, 0x23270000, 0x26990000)
   the space 4096K,  67% used [0x22e70000, 0x23126410, 0x23126600, 0x23270000)
 compacting perm gen  total 12288K, used 2479K [0x26990000, 0x27590000, 0x2a990000)
   the space 12288K,  20% used [0x26990000, 0x26bfbf48, 0x26bfc000, 0x27590000)
    ro space 8192K,  67% used [0x2a990000, 0x2aef9040, 0x2aef9200, 0x2b190000)
    rw space 12288K,  54% used [0x2b190000, 0x2b80d348, 0x2b80d400, 0x2bd90000)

Dynamic libraries:
0x00400000 - 0x00424000 	C:\Program Files\Java\jdk1.6.0_16\bin\javaw.exe
0x7c900000 - 0x7c9b2000 	C:\WINDOWS\system32\ntdll.dll
0x7c800000 - 0x7c8f6000 	C:\WINDOWS\system32\kernel32.dll
0x77dd0000 - 0x77e6b000 	C:\WINDOWS\system32\ADVAPI32.dll
0x77e70000 - 0x77f03000 	C:\WINDOWS\system32\RPCRT4.dll
0x77fe0000 - 0x77ff1000 	C:\WINDOWS\system32\Secur32.dll
0x7e410000 - 0x7e4a1000 	C:\WINDOWS\system32\USER32.dll
0x77f10000 - 0x77f59000 	C:\WINDOWS\system32\GDI32.dll
0x76390000 - 0x763ad000 	C:\WINDOWS\system32\IMM32.DLL
0x629c0000 - 0x629c9000 	C:\WINDOWS\system32\LPK.DLL
0x74d90000 - 0x74dfb000 	C:\WINDOWS\system32\USP10.dll
0x7c340000 - 0x7c396000 	C:\Program Files\Java\jdk1.6.0_16\jre\bin\msvcr71.dll
0x6d8b0000 - 0x6db3b000 	C:\Program Files\Java\jdk1.6.0_16\jre\bin\client\jvm.dll
0x76b40000 - 0x76b6d000 	C:\WINDOWS\system32\WINMM.dll
0x6d860000 - 0x6d86c000 	C:\Program Files\Java\jdk1.6.0_16\jre\bin\verify.dll
0x6d3e0000 - 0x6d3ff000 	C:\Program Files\Java\jdk1.6.0_16\jre\bin\java.dll
0x6d340000 - 0x6d348000 	C:\Program Files\Java\jdk1.6.0_16\jre\bin\hpi.dll
0x76bf0000 - 0x76bfb000 	C:\WINDOWS\system32\PSAPI.DLL
0x6d8a0000 - 0x6d8af000 	C:\Program Files\Java\jdk1.6.0_16\jre\bin\zip.dll
0x69080000 - 0x690e3000 	C:\Documents and Settings\jenfield\Local Settings\Temp\libgdxjenfield\3774672844\gdx.dll
0x77c10000 - 0x77c68000 	C:\WINDOWS\system32\msvcrt.dll
0x10000000 - 0x10073000 	C:\Documents and Settings\jenfield\Local Settings\Temp\libgdxjenfield\3774672844\lwjgl.dll
0x773d0000 - 0x774d3000 	C:\WINDOWS\WinSxS\x86_Microsoft.Windows.Common-Controls_6595b64144ccf1df_6.0.2600.6028_x-ww_61e65202\COMCTL32.dll
0x77f60000 - 0x77fd6000 	C:\WINDOWS\system32\SHLWAPI.dll
0x5ed00000 - 0x5edcc000 	C:\WINDOWS\system32\OPENGL32.dll
0x68b20000 - 0x68b40000 	C:\WINDOWS\system32\GLU32.dll
0x73760000 - 0x737ab000 	C:\WINDOWS\system32\DDRAW.dll
0x73bc0000 - 0x73bc6000 	C:\WINDOWS\system32\DCIMAN32.dll
0x77c00000 - 0x77c08000 	C:\WINDOWS\system32\VERSION.dll
0x03000000 - 0x03061000 	C:\DOCUME~1\jenfield\LOCALS~1\Temp\libgdxjenfield\3774672844\OpenAL32.dll
0x774e0000 - 0x7761e000 	C:\WINDOWS\system32\ole32.dll
0x7c9c0000 - 0x7d1d7000 	C:\WINDOWS\system32\SHELL32.dll
0x5ad70000 - 0x5ada8000 	C:\WINDOWS\system32\uxtheme.dll
0x74720000 - 0x7476c000 	C:\WINDOWS\system32\MSCTF.dll
0x76fd0000 - 0x7704f000 	C:\WINDOWS\system32\CLBCATQ.DLL
0x77050000 - 0x77115000 	C:\WINDOWS\system32\COMRes.dll
0x77120000 - 0x771ab000 	C:\WINDOWS\system32\OLEAUT32.dll
0x73f10000 - 0x73f6c000 	C:\WINDOWS\system32\dsound.dll
0x76c30000 - 0x76c5e000 	C:\WINDOWS\system32\WINTRUST.dll
0x77a80000 - 0x77b15000 	C:\WINDOWS\system32\CRYPT32.dll
0x77b20000 - 0x77b32000 	C:\WINDOWS\system32\MSASN1.dll
0x76c90000 - 0x76cb8000 	C:\WINDOWS\system32\IMAGEHLP.dll
0x72d20000 - 0x72d29000 	C:\WINDOWS\system32\wdmaud.drv
0x72d10000 - 0x72d18000 	C:\WINDOWS\system32\msacm32.drv
0x77be0000 - 0x77bf5000 	C:\WINDOWS\system32\MSACM32.dll
0x77bd0000 - 0x77bd7000 	C:\WINDOWS\system32\midimap.dll
0x73ee0000 - 0x73ee4000 	C:\WINDOWS\system32\KsUser.dll
0x755c0000 - 0x755ee000 	C:\WINDOWS\system32\msctfime.ime
0x69500000 - 0x69d89000 	C:\WINDOWS\system32\nvoglnt.dll
0x03840000 - 0x0384f000 	C:\Utilities\MMTaskbar\shellhook.dll
0x73b30000 - 0x73b45000 	C:\WINDOWS\system32\mscms.dll
0x73000000 - 0x73026000 	C:\WINDOWS\system32\WINSPOOL.DRV
0x66e90000 - 0x66ed1000 	C:\WINDOWS\system32\icm32.dll

VM Arguments:
jvm_args: -Dfile.encoding=Cp1252 
java_command: com.joey.OpenTyroin.Main
Launcher Type: SUN_STANDARD

Environment Variables:
JAVA_HOME=C:\Program Files\Java\jdk1.6.0_16
CLASSPATH=.;C:\Program Files\Java\jre6\lib\ext\QTJava.zip
PATH=C:/Program Files/Java/jre6/bin/client;C:/Program Files/Java/jre6/bin;C:/Program Files/Java/jre6/lib/i386;C:\cygwin\bin;C:\MinGW\bin;c:\oracle\product\11.2.0\dbhome_1\bin;C:\WINDOWS\system32;C:\WINDOWS;C:\WINDOWS\System32\Wbem;c:\Program Files\Common Files\Roxio Shared\DLLShared\;c:\Program Files\Common Files\Roxio Shared\10.0\DLLShared\;C:\PROGRA~1\ULTRAE~1;C:\Python24;C:\java\apache-ant-1.7.0\bin;C:\Program Files\VanDyke Software\Clients\;c:\Program Files\Common Files\Ulead Systems\MPEG;C:\Program Files\MySQL\MySQL Server 5.1\bin;C:\Program Files\QuickTime\QTSystem\;C:\Program Files\Java\jdk1.6.0_16\bin;C:\OpsWise\bin;C:\Program Files\TortoiseSVN\bin;C:\Python26\Scripts;C:\Program Files\w3af;C:\Devoloper\eclipse-jee-indigo-SR2-win32\eclipse;
USERNAME=jenfield
OS=Windows_NT
PROCESSOR_IDENTIFIER=x86 Family 6 Model 23 Stepping 10, GenuineIntel



---------------  S Y S T E M  ---------------

OS: Windows XP Build 2600 Service Pack 3

CPU:total 2 (2 cores per cpu, 1 threads per core) family 6 model 23 stepping 10, cmov, cx8, fxsr, mmx, sse, sse2, sse3, ssse3, sse4.1

Memory: 4k page, physical 2097151k(1121352k free), swap 4194303k(2155860k free)

vm_info: Java HotSpot(TM) Client VM (14.2-b01) for windows-x86 JRE (1.6.0_16-b01), built on Jul 31 2009 11:26:58 by "java_re" with MS VC++ 7.1

time: Wed Jul 04 14:02:47 2012
elapsed time: 12 seconds

